[2012-06-02 12:15:17] request.ERROR: Symfony\Component\HttpKernel\Exception\NotFoundHttpException: No route found for "GET /bootstrap/js/bootstrap.min.js" (uncaught exception) at /var/www/html/symfony/Symfony/vendor/symfony/src/Symfony/Bundle/FrameworkBundle/EventListener/RouterListener.php line 83 [] []
[2012-06-02 12:16:59] request.ERROR: Symfony\Component\HttpKernel\Exception\NotFoundHttpException: No route found for "GET /js/contacts.js" (uncaught exception) at /var/www/html/symfony/Symfony/vendor/symfony/src/Symfony/Bundle/FrameworkBundle/EventListener/RouterListener.php line 83 [] []
[2012-06-02 12:16:59] request.ERROR: Symfony\Component\HttpKernel\Exception\NotFoundHttpException: No route found for "GET /js/passwords.js" (uncaught exception) at /var/www/html/symfony/Symfony/vendor/symfony/src/Symfony/Bundle/FrameworkBundle/EventListener/RouterListener.php line 83 [] []
[2012-06-02 12:16:59] request.ERROR: Symfony\Component\HttpKernel\Exception\NotFoundHttpException: No route found for "GET /contrib/backbone/underscore-min.js" (uncaught exception) at /var/www/html/symfony/Symfony/vendor/symfony/src/Symfony/Bundle/FrameworkBundle/EventListener/RouterListener.php line 83 [] []
[2012-06-02 12:16:59] request.ERROR: Symfony\Component\HttpKernel\Exception\NotFoundHttpException: No route found for "GET /contrib/backbone/backbone-min.js" (uncaught exception) at /var/www/html/symfony/Symfony/vendor/symfony/src/Symfony/Bundle/FrameworkBundle/EventListener/RouterListener.php line 83 [] []
[2012-06-02 12:16:59] request.ERROR: Symfony\Component\HttpKernel\Exception\NotFoundHttpException: No route found for "GET /bootstrap/js/bootstrap.min.js" (uncaught exception) at /var/www/html/symfony/Symfony/app/cache/prod/classes.php line 4584 [] []
[2012-06-02 12:16:59] request.ERROR: Symfony\Component\HttpKernel\Exception\NotFoundHttpException: No route found for "GET /contrib/backbone/json2.js" (uncaught exception) at /var/www/html/symfony/Symfony/vendor/symfony/src/Symfony/Bundle/FrameworkBundle/EventListener/RouterListener.php line 83 [] []
[2012-06-02 12:16:59] request.ERROR: Symfony\Component\HttpKernel\Exception\NotFoundHttpException: No route found for "GET /contrib/backbone/ICanHaz.min.js" (uncaught exception) at /var/www/html/symfony/Symfony/vendor/symfony/src/Symfony/Bundle/FrameworkBundle/EventListener/RouterListener.php line 83 [] []
[2012-06-02 12:16:59] request.ERROR: Symfony\Component\HttpKernel\Exception\NotFoundHttpException: No route found for "GET /contrib/backbone/json2.js" (uncaught exception) at /var/www/html/symfony/Symfony/app/cache/prod/classes.php line 4584 [] []
[2012-06-02 12:16:59] request.ERROR: Symfony\Component\HttpKernel\Exception\NotFoundHttpException: No route found for "GET /contrib/backbone/underscore-min.js" (uncaught exception) at /var/www/html/symfony/Symfony/app/cache/prod/classes.php line 4584 [] []
[2012-06-02 12:17:00] request.ERROR: Symfony\Component\HttpKernel\Exception\NotFoundHttpException: No route found for "GET /contrib/backbone/backbone-min.js" (uncaught exception) at /var/www/html/symfony/Symfony/app/cache/prod/classes.php line 4584 [] []
[2012-06-02 12:17:00] request.ERROR: Symfony\Component\HttpKernel\Exception\NotFoundHttpException: No route found for "GET /js/passwords.js" (uncaught exception) at /var/www/html/symfony/Symfony/app/cache/prod/classes.php line 4584 [] []
[2012-06-02 12:17:00] request.ERROR: Symfony\Component\HttpKernel\Exception\NotFoundHttpException: No route found for "GET /js/contacts.js" (uncaught exception) at /var/www/html/symfony/Symfony/app/cache/prod/classes.php line 4584 [] []
[2012-06-02 12:17:00] request.ERROR: Symfony\Component\HttpKernel\Exception\NotFoundHttpException: No route found for "GET /bootstrap/js/bootstrap.min.js" (uncaught exception) at /var/www/html/symfony/Symfony/app/cache/prod/classes.php line 4584 [] []
[2012-06-02 12:17:00] request.ERROR: Symfony\Component\HttpKernel\Exception\NotFoundHttpException: No route found for "GET /contrib/backbone/ICanHaz.min.js" (uncaught exception) at /var/www/html/symfony/Symfony/app/cache/prod/classes.php line 4584 [] []
[2012-06-02 12:17:00] request.ERROR: Symfony\Component\HttpKernel\Exception\NotFoundHttpException: No route found for "GET /contrib/backbone/json2.js" (uncaught exception) at /var/www/html/symfony/Symfony/app/cache/prod/classes.php line 4584 [] []
[2012-06-02 12:17:00] request.ERROR: Symfony\Component\HttpKernel\Exception\NotFoundHttpException: No route found for "GET /contrib/backbone/underscore-min.js" (uncaught exception) at /var/www/html/symfony/Symfony/app/cache/prod/classes.php line 4584 [] []
[2012-06-02 12:17:01] request.ERROR: Symfony\Component\HttpKernel\Exception\NotFoundHttpException: No route found for "GET /contrib/backbone/backbone-min.js" (uncaught exception) at /var/www/html/symfony/Symfony/app/cache/prod/classes.php line 4584 [] []
[2012-06-02 12:17:01] request.ERROR: Symfony\Component\HttpKernel\Exception\NotFoundHttpException: No route found for "GET /js/passwords.js" (uncaught exception) at /var/www/html/symfony/Symfony/app/cache/prod/classes.php line 4584 [] []
[2012-06-02 12:17:01] request.ERROR: Symfony\Component\HttpKernel\Exception\NotFoundHttpException: No route found for "GET /js/contacts.js" (uncaught exception) at /var/www/html/symfony/Symfony/app/cache/prod/classes.php line 4584 [] []
[2012-06-02 12:17:39] request.ERROR: Symfony\Component\HttpKernel\Exception\NotFoundHttpException: No route found for "GET /contrib/backbone/ICanHaz.min.js" (uncaught exception) at /var/www/html/symfony/Symfony/app/cache/prod/classes.php line 4584 [] []
[2012-06-02 12:17:39] request.ERROR: Symfony\Component\HttpKernel\Exception\NotFoundHttpException: No route found for "GET /contrib/backbone/json2.js" (uncaught exception) at /var/www/html/symfony/Symfony/app/cache/prod/classes.php line 4584 [] []
[2012-06-02 12:17:39] request.ERROR: Symfony\Component\HttpKernel\Exception\NotFoundHttpException: No route found for "GET /contrib/backbone/underscore-min.js" (uncaught exception) at /var/www/html/symfony/Symfony/app/cache/prod/classes.php line 4584 [] []
[2012-06-02 12:17:40] request.ERROR: Symfony\Component\HttpKernel\Exception\NotFoundHttpException: No route found for "GET /bootstrap/js/bootstrap.min.js" (uncaught exception) at /var/www/html/symfony/Symfony/app/cache/prod/classes.php line 4584 [] []
[2012-06-02 12:17:40] request.ERROR: Symfony\Component\HttpKernel\Exception\NotFoundHttpException: No route found for "GET /js/passwords.js" (uncaught exception) at /var/www/html/symfony/Symfony/app/cache/prod/classes.php line 4584 [] []
[2012-06-02 12:17:40] request.ERROR: Symfony\Component\HttpKernel\Exception\NotFoundHttpException: No route found for "GET /js/contacts.js" (uncaught exception) at /var/www/html/symfony/Symfony/app/cache/prod/classes.php line 4584 [] []
[2012-06-02 12:17:40] request.ERROR: Symfony\Component\HttpKernel\Exception\NotFoundHttpException: No route found for "GET /contrib/backbone/backbone-min.js" (uncaught exception) at /var/www/html/symfony/Symfony/app/cache/prod/classes.php line 4584 [] []
[2012-06-02 12:17:40] request.ERROR: Symfony\Component\HttpKernel\Exception\NotFoundHttpException: No route found for "GET /contrib/backbone/ICanHaz.min.js" (uncaught exception) at /var/www/html/symfony/Symfony/app/cache/prod/classes.php line 4584 [] []
[2012-06-02 12:17:40] request.ERROR: Symfony\Component\HttpKernel\Exception\NotFoundHttpException: No route found for "GET /contrib/backbone/json2.js" (uncaught exception) at /var/www/html/symfony/Symfony/app/cache/prod/classes.php line 4584 [] []
[2012-06-02 12:17:40] request.ERROR: Symfony\Component\HttpKernel\Exception\NotFoundHttpException: No route found for "GET /contrib/backbone/underscore-min.js" (uncaught exception) at /var/www/html/symfony/Symfony/app/cache/prod/classes.php line 4584 [] []
[2012-06-02 12:17:40] request.ERROR: Symfony\Component\HttpKernel\Exception\NotFoundHttpException: No route found for "GET /contrib/backbone/backbone-min.js" (uncaught exception) at /var/www/html/symfony/Symfony/app/cache/prod/classes.php line 4584 [] []
[2012-06-02 12:17:40] request.ERROR: Symfony\Component\HttpKernel\Exception\NotFoundHttpException: No route found for "GET /js/passwords.js" (uncaught exception) at /var/www/html/symfony/Symfony/app/cache/prod/classes.php line 4584 [] []
[2012-06-02 12:17:40] request.ERROR: Symfony\Component\HttpKernel\Exception\NotFoundHttpException: No route found for "GET /js/contacts.js" (uncaught exception) at /var/www/html/symfony/Symfony/app/cache/prod/classes.php line 4584 [] []
[2012-06-02 12:17:40] request.ERROR: Symfony\Component\HttpKernel\Exception\NotFoundHttpException: No route found for "GET /bootstrap/js/bootstrap.min.js" (uncaught exception) at /var/www/html/symfony/Symfony/app/cache/prod/classes.php line 4584 [] []
[2012-06-02 12:17:40] request.ERROR: Symfony\Component\HttpKernel\Exception\NotFoundHttpException: No route found for "GET /contrib/backbone/ICanHaz.min.js" (uncaught exception) at /var/www/html/symfony/Symfony/app/cache/prod/classes.php line 4584 [] []
[2012-06-02 12:17:40] request.ERROR: Symfony\Component\HttpKernel\Exception\NotFoundHttpException: No route found for "GET /contrib/backbone/json2.js" (uncaught exception) at /var/www/html/symfony/Symfony/app/cache/prod/classes.php line 4584 [] []
[2012-06-02 12:17:40] request.ERROR: Symfony\Component\HttpKernel\Exception\NotFoundHttpException: No route found for "GET /contrib/backbone/underscore-min.js" (uncaught exception) at /var/www/html/symfony/Symfony/app/cache/prod/classes.php line 4584 [] []
[2012-06-02 12:17:41] request.ERROR: Symfony\Component\HttpKernel\Exception\NotFoundHttpException: No route found for "GET /contrib/backbone/backbone-min.js" (uncaught exception) at /var/www/html/symfony/Symfony/app/cache/prod/classes.php line 4584 [] []
[2012-06-02 12:17:41] request.ERROR: Symfony\Component\HttpKernel\Exception\NotFoundHttpException: No route found for "GET /js/passwords.js" (uncaught exception) at /var/www/html/symfony/Symfony/app/cache/prod/classes.php line 4584 [] []
[2012-06-02 12:17:41] request.ERROR: Symfony\Component\HttpKernel\Exception\NotFoundHttpException: No route found for "GET /js/contacts.js" (uncaught exception) at /var/www/html/symfony/Symfony/app/cache/prod/classes.php line 4584 [] []
[2012-06-02 12:18:23] request.ERROR: Symfony\Component\HttpKernel\Exception\NotFoundHttpException: No route found for "GET /bootstrap/js/bootstrap.min.js" (uncaught exception) at /var/www/html/symfony/Symfony/app/cache/prod/classes.php line 4584 [] []
[2012-06-02 12:18:23] request.ERROR: Symfony\Component\HttpKernel\Exception\NotFoundHttpException: No route found for "GET /contrib/backbone/backbone-min.js" (uncaught exception) at /var/www/html/symfony/Symfony/app/cache/prod/classes.php line 4584 [] []
[2012-06-02 12:18:23] request.ERROR: Symfony\Component\HttpKernel\Exception\NotFoundHttpException: No route found for "GET /contrib/backbone/json2.js" (uncaught exception) at /var/www/html/symfony/Symfony/app/cache/prod/classes.php line 4584 [] []
[2012-06-02 12:18:23] request.ERROR: Symfony\Component\HttpKernel\Exception\NotFoundHttpException: No route found for "GET /contrib/backbone/underscore-min.js" (uncaught exception) at /var/www/html/symfony/Symfony/app/cache/prod/classes.php line 4584 [] []
[2012-06-02 12:18:23] request.ERROR: Symfony\Component\HttpKernel\Exception\NotFoundHttpException: No route found for "GET /contrib/backbone/ICanHaz.min.js" (uncaught exception) at /var/www/html/symfony/Symfony/app/cache/prod/classes.php line 4584 [] []
[2012-06-02 12:18:23] request.ERROR: Symfony\Component\HttpKernel\Exception\NotFoundHttpException: No route found for "GET /js/contacts.js" (uncaught exception) at /var/www/html/symfony/Symfony/app/cache/prod/classes.php line 4584 [] []
[2012-06-02 12:18:23] request.ERROR: Symfony\Component\HttpKernel\Exception\NotFoundHttpException: No route found for "GET /js/passwords.js" (uncaught exception) at /var/www/html/symfony/Symfony/app/cache/prod/classes.php line 4584 [] []
[2012-06-02 12:18:24] request.ERROR: Symfony\Component\HttpKernel\Exception\NotFoundHttpException: No route found for "GET /bootstrap/js/bootstrap.min.js" (uncaught exception) at /var/www/html/symfony/Symfony/app/cache/prod/classes.php line 4584 [] []
[2012-06-02 12:18:24] request.ERROR: Symfony\Component\HttpKernel\Exception\NotFoundHttpException: No route found for "GET /contrib/backbone/ICanHaz.min.js" (uncaught exception) at /var/www/html/symfony/Symfony/app/cache/prod/classes.php line 4584 [] []
[2012-06-02 12:18:24] request.ERROR: Symfony\Component\HttpKernel\Exception\NotFoundHttpException: No route found for "GET /contrib/backbone/json2.js" (uncaught exception) at /var/www/html/symfony/Symfony/app/cache/prod/classes.php line 4584 [] []
[2012-06-02 12:18:24] request.ERROR: Symfony\Component\HttpKernel\Exception\NotFoundHttpException: No route found for "GET /contrib/backbone/underscore-min.js" (uncaught exception) at /var/www/html/symfony/Symfony/app/cache/prod/classes.php line 4584 [] []
[2012-06-02 12:18:24] request.ERROR: Symfony\Component\HttpKernel\Exception\NotFoundHttpException: No route found for "GET /contrib/backbone/backbone-min.js" (uncaught exception) at /var/www/html/symfony/Symfony/app/cache/prod/classes.php line 4584 [] []
[2012-06-02 12:18:24] request.ERROR: Symfony\Component\HttpKernel\Exception\NotFoundHttpException: No route found for "GET /js/passwords.js" (uncaught exception) at /var/www/html/symfony/Symfony/app/cache/prod/classes.php line 4584 [] []
[2012-06-02 12:18:24] request.ERROR: Symfony\Component\HttpKernel\Exception\NotFoundHttpException: No route found for "GET /js/contacts.js" (uncaught exception) at /var/www/html/symfony/Symfony/app/cache/prod/classes.php line 4584 [] []
[2012-06-02 12:18:24] request.ERROR: Symfony\Component\HttpKernel\Exception\NotFoundHttpException: No route found for "GET /bootstrap/js/bootstrap.min.js" (uncaught exception) at /var/www/html/symfony/Symfony/app/cache/prod/classes.php line 4584 [] []
[2012-06-02 12:18:24] request.ERROR: Symfony\Component\HttpKernel\Exception\NotFoundHttpException: No route found for "GET /contrib/backbone/ICanHaz.min.js" (uncaught exception) at /var/www/html/symfony/Symfony/app/cache/prod/classes.php line 4584 [] []
[2012-06-02 12:18:24] request.ERROR: Symfony\Component\HttpKernel\Exception\NotFoundHttpException: No route found for "GET /contrib/backbone/json2.js" (uncaught exception) at /var/www/html/symfony/Symfony/app/cache/prod/classes.php line 4584 [] []
[2012-06-02 12:18:24] request.ERROR: Symfony\Component\HttpKernel\Exception\NotFoundHttpException: No route found for "GET /contrib/backbone/underscore-min.js" (uncaught exception) at /var/www/html/symfony/Symfony/app/cache/prod/classes.php line 4584 [] []
[2012-06-02 12:18:24] request.ERROR: Symfony\Component\HttpKernel\Exception\NotFoundHttpException: No route found for "GET /contrib/backbone/backbone-min.js" (uncaught exception) at /var/www/html/symfony/Symfony/app/cache/prod/classes.php line 4584 [] []
[2012-06-02 12:18:24] request.ERROR: Symfony\Component\HttpKernel\Exception\NotFoundHttpException: No route found for "GET /js/passwords.js" (uncaught exception) at /var/www/html/symfony/Symfony/app/cache/prod/classes.php line 4584 [] []
[2012-06-02 12:18:24] request.ERROR: Symfony\Component\HttpKernel\Exception\NotFoundHttpException: No route found for "GET /js/contacts.js" (uncaught exception) at /var/www/html/symfony/Symfony/app/cache/prod/classes.php line 4584 [] []
[2012-06-02 12:18:59] request.ERROR: Symfony\Component\HttpKernel\Exception\NotFoundHttpException: No route found for "GET /contrib/backbone/ICanHaz.min.js" (uncaught exception) at /var/www/html/symfony/Symfony/app/cache/prod/classes.php line 4584 [] []
[2012-06-02 12:18:59] request.ERROR: Symfony\Component\HttpKernel\Exception\NotFoundHttpException: No route found for "GET /bootstrap/css/bootstrap.css" (uncaught exception) at /var/www/html/symfony/Symfony/app/cache/prod/classes.php line 4584 [] []
[2012-06-02 12:18:59] request.ERROR: Symfony\Component\HttpKernel\Exception\NotFoundHttpException: No route found for "GET /bootstrap/js/bootstrap.min.js" (uncaught exception) at /var/www/html/symfony/Symfony/app/cache/prod/classes.php line 4584 [] []
[2012-06-02 12:18:59] request.ERROR: Symfony\Component\HttpKernel\Exception\NotFoundHttpException: No route found for "GET /contrib/backbone/backbone-min.js" (uncaught exception) at /var/www/html/symfony/Symfony/app/cache/prod/classes.php line 4584 [] []
[2012-06-02 12:18:59] request.ERROR: Symfony\Component\HttpKernel\Exception\NotFoundHttpException: No route found for "GET /js/passwords.js" (uncaught exception) at /var/www/html/symfony/Symfony/app/cache/prod/classes.php line 4584 [] []
[2012-06-02 12:18:59] request.ERROR: Symfony\Component\HttpKernel\Exception\NotFoundHttpException: No route found for "GET /contrib/backbone/underscore-min.js" (uncaught exception) at /var/www/html/symfony/Symfony/app/cache/prod/classes.php line 4584 [] []
[2012-06-02 12:18:59] request.ERROR: Symfony\Component\HttpKernel\Exception\NotFoundHttpException: No route found for "GET /js/contacts.js" (uncaught exception) at /var/www/html/symfony/Symfony/app/cache/prod/classes.php line 4584 [] []
[2012-06-02 12:18:59] request.ERROR: Symfony\Component\HttpKernel\Exception\NotFoundHttpException: No route found for "GET /contrib/backbone/ICanHaz.min.js" (uncaught exception) at /var/www/html/symfony/Symfony/app/cache/prod/classes.php line 4584 [] []
[2012-06-02 12:18:59] request.ERROR: Symfony\Component\HttpKernel\Exception\NotFoundHttpException: No route found for "GET /contrib/backbone/json2.js" (uncaught exception) at /var/www/html/symfony/Symfony/app/cache/prod/classes.php line 4584 [] []
[2012-06-02 12:18:59] request.ERROR: Symfony\Component\HttpKernel\Exception\NotFoundHttpException: No route found for "GET /contrib/backbone/underscore-min.js" (uncaught exception) at /var/www/html/symfony/Symfony/app/cache/prod/classes.php line 4584 [] []
[2012-06-02 12:18:59] request.ERROR: Symfony\Component\HttpKernel\Exception\NotFoundHttpException: No route found for "GET /contrib/backbone/backbone-min.js" (uncaught exception) at /var/www/html/symfony/Symfony/app/cache/prod/classes.php line 4584 [] []
[2012-06-02 12:18:59] request.ERROR: Symfony\Component\HttpKernel\Exception\NotFoundHttpException: No route found for "GET /js/passwords.js" (uncaught exception) at /var/www/html/symfony/Symfony/app/cache/prod/classes.php line 4584 [] []
[2012-06-02 12:18:59] request.ERROR: Symfony\Component\HttpKernel\Exception\NotFoundHttpException: No route found for "GET /js/contacts.js" (uncaught exception) at /var/www/html/symfony/Symfony/app/cache/prod/classes.php line 4584 [] []
[2012-06-02 12:18:59] request.ERROR: Symfony\Component\HttpKernel\Exception\NotFoundHttpException: No route found for "GET /bootstrap/js/bootstrap.min.js" (uncaught exception) at /var/www/html/symfony/Symfony/app/cache/prod/classes.php line 4584 [] []
[2012-06-02 12:18:59] request.ERROR: Symfony\Component\HttpKernel\Exception\NotFoundHttpException: No route found for "GET /contrib/backbone/ICanHaz.min.js" (uncaught exception) at /var/www/html/symfony/Symfony/app/cache/prod/classes.php line 4584 [] []
[2012-06-02 12:18:59] request.ERROR: Symfony\Component\HttpKernel\Exception\NotFoundHttpException: No route found for "GET /contrib/backbone/json2.js" (uncaught exception) at /var/www/html/symfony/Symfony/app/cache/prod/classes.php line 4584 [] []
[2012-06-02 12:18:59] request.ERROR: Symfony\Component\HttpKernel\Exception\NotFoundHttpException: No route found for "GET /contrib/backbone/underscore-min.js" (uncaught exception) at /var/www/html/symfony/Symfony/app/cache/prod/classes.php line 4584 [] []
[2012-06-02 12:18:59] request.ERROR: Symfony\Component\HttpKernel\Exception\NotFoundHttpException: No route found for "GET /contrib/backbone/backbone-min.js" (uncaught exception) at /var/www/html/symfony/Symfony/app/cache/prod/classes.php line 4584 [] []
[2012-06-02 12:18:59] request.ERROR: Symfony\Component\HttpKernel\Exception\NotFoundHttpException: No route found for "GET /js/passwords.js" (uncaught exception) at /var/www/html/symfony/Symfony/app/cache/prod/classes.php line 4584 [] []
[2012-06-02 12:18:59] request.ERROR: Symfony\Component\HttpKernel\Exception\NotFoundHttpException: No route found for "GET /js/contacts.js" (uncaught exception) at /var/www/html/symfony/Symfony/app/cache/prod/classes.php line 4584 [] []
[2012-06-02 12:25:06] request.ERROR: Symfony\Component\HttpKernel\Exception\NotFoundHttpException: No route found for "GET /contrib/backbone/backbone-min.js" (uncaught exception) at /var/www/html/symfony/Symfony/app/cache/prod/classes.php line 4584 [] []
[2012-06-02 12:25:06] request.ERROR: Symfony\Component\HttpKernel\Exception\NotFoundHttpException: No route found for "GET /contrib/backbone/ICanHaz.min.js" (uncaught exception) at /var/www/html/symfony/Symfony/app/cache/prod/classes.php line 4584 [] []
[2012-06-02 12:25:06] request.ERROR: Symfony\Component\HttpKernel\Exception\NotFoundHttpException: No route found for "GET /contrib/backbone/json2.js" (uncaught exception) at /var/www/html/symfony/Symfony/app/cache/prod/classes.php line 4584 [] []
[2012-06-02 12:25:06] request.ERROR: Symfony\Component\HttpKernel\Exception\NotFoundHttpException: No route found for "GET /contrib/backbone/underscore-min.js" (uncaught exception) at /var/www/html/symfony/Symfony/app/cache/prod/classes.php line 4584 [] []
[2012-06-02 12:25:06] request.ERROR: Symfony\Component\HttpKernel\Exception\NotFoundHttpException: No route found for "GET /bootstrap/js/bootstrap.min.js" (uncaught exception) at /var/www/html/symfony/Symfony/app/cache/prod/classes.php line 4584 [] []
[2012-06-02 12:25:06] request.ERROR: Symfony\Component\HttpKernel\Exception\NotFoundHttpException: No route found for "GET /bootstrap/css/bootstrap.css" (uncaught exception) at /var/www/html/symfony/Symfony/app/cache/prod/classes.php line 4584 [] []
[2012-06-02 12:25:06] request.ERROR: Symfony\Component\HttpKernel\Exception\NotFoundHttpException: No route found for "GET /js/passwords.js" (uncaught exception) at /var/www/html/symfony/Symfony/app/cache/prod/classes.php line 4584 [] []
[2012-06-02 12:25:06] request.ERROR: Symfony\Component\HttpKernel\Exception\NotFoundHttpException: No route found for "GET /js/contacts.js" (uncaught exception) at /var/www/html/symfony/Symfony/app/cache/prod/classes.php line 4584 [] []
[2012-06-02 12:25:06] request.ERROR: Symfony\Component\HttpKernel\Exception\NotFoundHttpException: No route found for "GET /bootstrap/js/bootstrap.min.js" (uncaught exception) at /var/www/html/symfony/Symfony/app/cache/prod/classes.php line 4584 [] []
[2012-06-02 12:25:06] request.ERROR: Symfony\Component\HttpKernel\Exception\NotFoundHttpException: No route found for "GET /contrib/backbone/ICanHaz.min.js" (uncaught exception) at /var/www/html/symfony/Symfony/app/cache/prod/classes.php line 4584 [] []
[2012-06-02 12:25:06] request.ERROR: Symfony\Component\HttpKernel\Exception\NotFoundHttpException: No route found for "GET /contrib/backbone/json2.js" (uncaught exception) at /var/www/html/symfony/Symfony/app/cache/prod/classes.php line 4584 [] []
[2012-06-02 12:25:06] request.ERROR: Symfony\Component\HttpKernel\Exception\NotFoundHttpException: No route found for "GET /contrib/backbone/underscore-min.js" (uncaught exception) at /var/www/html/symfony/Symfony/app/cache/prod/classes.php line 4584 [] []
[2012-06-02 12:25:06] request.ERROR: Symfony\Component\HttpKernel\Exception\NotFoundHttpException: No route found for "GET /contrib/backbone/backbone-min.js" (uncaught exception) at /var/www/html/symfony/Symfony/app/cache/prod/classes.php line 4584 [] []
[2012-06-02 12:25:06] request.ERROR: Symfony\Component\HttpKernel\Exception\NotFoundHttpException: No route found for "GET /js/passwords.js" (uncaught exception) at /var/www/html/symfony/Symfony/app/cache/prod/classes.php line 4584 [] []
[2012-06-02 12:25:06] request.ERROR: Symfony\Component\HttpKernel\Exception\NotFoundHttpException: No route found for "GET /js/contacts.js" (uncaught exception) at /var/www/html/symfony/Symfony/app/cache/prod/classes.php line 4584 [] []
[2012-06-02 12:25:06] request.ERROR: Symfony\Component\HttpKernel\Exception\NotFoundHttpException: No route found for "GET /bootstrap/js/bootstrap.min.js" (uncaught exception) at /var/www/html/symfony/Symfony/app/cache/prod/classes.php line 4584 [] []
[2012-06-02 12:25:06] request.ERROR: Symfony\Component\HttpKernel\Exception\NotFoundHttpException: No route found for "GET /contrib/backbone/ICanHaz.min.js" (uncaught exception) at /var/www/html/symfony/Symfony/app/cache/prod/classes.php line 4584 [] []
[2012-06-02 12:25:06] request.ERROR: Symfony\Component\HttpKernel\Exception\NotFoundHttpException: No route found for "GET /contrib/backbone/json2.js" (uncaught exception) at /var/www/html/symfony/Symfony/app/cache/prod/classes.php line 4584 [] []
[2012-06-02 12:25:06] request.ERROR: Symfony\Component\HttpKernel\Exception\NotFoundHttpException: No route found for "GET /contrib/backbone/underscore-min.js" (uncaught exception) at /var/www/html/symfony/Symfony/app/cache/prod/classes.php line 4584 [] []
[2012-06-02 12:25:06] request.ERROR: Symfony\Component\HttpKernel\Exception\NotFoundHttpException: No route found for "GET /contrib/backbone/backbone-min.js" (uncaught exception) at /var/www/html/symfony/Symfony/app/cache/prod/classes.php line 4584 [] []
[2012-06-02 12:25:06] request.ERROR: Symfony\Component\HttpKernel\Exception\NotFoundHttpException: No route found for "GET /js/passwords.js" (uncaught exception) at /var/www/html/symfony/Symfony/app/cache/prod/classes.php line 4584 [] []
[2012-06-02 12:25:06] request.ERROR: Symfony\Component\HttpKernel\Exception\NotFoundHttpException: No route found for "GET /js/contacts.js" (uncaught exception) at /var/www/html/symfony/Symfony/app/cache/prod/classes.php line 4584 [] []
[2012-06-02 12:25:47] request.ERROR: Symfony\Component\HttpKernel\Exception\NotFoundHttpException: No route found for "GET /bootstrap/js/bootstrap.min.js" (uncaught exception) at /var/www/html/symfony/Symfony/app/cache/prod/classes.php line 4584 [] []
[2012-06-02 12:25:47] request.ERROR: Symfony\Component\HttpKernel\Exception\NotFoundHttpException: No route found for "GET /contrib/backbone/underscore-min.js" (uncaught exception) at /var/www/html/symfony/Symfony/app/cache/prod/classes.php line 4584 [] []
[2012-06-02 12:25:47] request.ERROR: Symfony\Component\HttpKernel\Exception\NotFoundHttpException: No route found for "GET /contrib/backbone/backbone-min.js" (uncaught exception) at /var/www/html/symfony/Symfony/app/cache/prod/classes.php line 4584 [] []
[2012-06-02 12:25:47] request.ERROR: Symfony\Component\HttpKernel\Exception\NotFoundHttpException: No route found for "GET /contrib/backbone/ICanHaz.min.js" (uncaught exception) at /var/www/html/symfony/Symfony/app/cache/prod/classes.php line 4584 [] []
[2012-06-02 12:25:47] request.ERROR: Symfony\Component\HttpKernel\Exception\NotFoundHttpException: No route found for "GET /contrib/backbone/json2.js" (uncaught exception) at /var/www/html/symfony/Symfony/app/cache/prod/classes.php line 4584 [] []
[2012-06-02 12:25:47] request.ERROR: Symfony\Component\HttpKernel\Exception\NotFoundHttpException: No route found for "GET /js/contacts.js" (uncaught exception) at /var/www/html/symfony/Symfony/app/cache/prod/classes.php line 4584 [] []
[2012-06-02 12:25:47] request.ERROR: Symfony\Component\HttpKernel\Exception\NotFoundHttpException: No route found for "GET /bundles/tenk/bootstrap/css/bootstrap.css" (uncaught exception) at /var/www/html/symfony/Symfony/app/cache/prod/classes.php line 4584 [] []
[2012-06-02 12:25:47] request.ERROR: Symfony\Component\HttpKernel\Exception\NotFoundHttpException: No route found for "GET /js/passwords.js" (uncaught exception) at /var/www/html/symfony/Symfony/app/cache/prod/classes.php line 4584 [] []
[2012-06-02 12:25:47] request.ERROR: Symfony\Component\HttpKernel\Exception\NotFoundHttpException: No route found for "GET /bootstrap/js/bootstrap.min.js" (uncaught exception) at /var/www/html/symfony/Symfony/app/cache/prod/classes.php line 4584 [] []
[2012-06-02 12:25:47] request.ERROR: Symfony\Component\HttpKernel\Exception\NotFoundHttpException: No route found for "GET /contrib/backbone/ICanHaz.min.js" (uncaught exception) at /var/www/html/symfony/Symfony/app/cache/prod/classes.php line 4584 [] []
[2012-06-02 12:25:47] request.ERROR: Symfony\Component\HttpKernel\Exception\NotFoundHttpException: No route found for "GET /contrib/backbone/json2.js" (uncaught exception) at /var/www/html/symfony/Symfony/app/cache/prod/classes.php line 4584 [] []
[2012-06-02 12:25:47] request.ERROR: Symfony\Component\HttpKernel\Exception\NotFoundHttpException: No route found for "GET /contrib/backbone/underscore-min.js" (uncaught exception) at /var/www/html/symfony/Symfony/app/cache/prod/classes.php line 4584 [] []
[2012-06-02 12:25:47] request.ERROR: Symfony\Component\HttpKernel\Exception\NotFoundHttpException: No route found for "GET /contrib/backbone/backbone-min.js" (uncaught exception) at /var/www/html/symfony/Symfony/app/cache/prod/classes.php line 4584 [] []
[2012-06-02 12:25:47] request.ERROR: Symfony\Component\HttpKernel\Exception\NotFoundHttpException: No route found for "GET /js/passwords.js" (uncaught exception) at /var/www/html/symfony/Symfony/app/cache/prod/classes.php line 4584 [] []
[2012-06-02 12:25:47] request.ERROR: Symfony\Component\HttpKernel\Exception\NotFoundHttpException: No route found for "GET /js/contacts.js" (uncaught exception) at /var/www/html/symfony/Symfony/app/cache/prod/classes.php line 4584 [] []
[2012-06-02 12:25:47] request.ERROR: Symfony\Component\HttpKernel\Exception\NotFoundHttpException: No route found for "GET /bootstrap/js/bootstrap.min.js" (uncaught exception) at /var/www/html/symfony/Symfony/app/cache/prod/classes.php line 4584 [] []
[2012-06-02 12:25:47] request.ERROR: Symfony\Component\HttpKernel\Exception\NotFoundHttpException: No route found for "GET /contrib/backbone/ICanHaz.min.js" (uncaught exception) at /var/www/html/symfony/Symfony/app/cache/prod/classes.php line 4584 [] []
[2012-06-02 12:25:47] request.ERROR: Symfony\Component\HttpKernel\Exception\NotFoundHttpException: No route found for "GET /contrib/backbone/json2.js" (uncaught exception) at /var/www/html/symfony/Symfony/app/cache/prod/classes.php line 4584 [] []
[2012-06-02 12:25:47] request.ERROR: Symfony\Component\HttpKernel\Exception\NotFoundHttpException: No route found for "GET /contrib/backbone/underscore-min.js" (uncaught exception) at /var/www/html/symfony/Symfony/app/cache/prod/classes.php line 4584 [] []
[2012-06-02 12:25:47] request.ERROR: Symfony\Component\HttpKernel\Exception\NotFoundHttpException: No route found for "GET /contrib/backbone/backbone-min.js" (uncaught exception) at /var/www/html/symfony/Symfony/app/cache/prod/classes.php line 4584 [] []
[2012-06-02 12:25:47] request.ERROR: Symfony\Component\HttpKernel\Exception\NotFoundHttpException: No route found for "GET /js/passwords.js" (uncaught exception) at /var/www/html/symfony/Symfony/app/cache/prod/classes.php line 4584 [] []
[2012-06-02 12:25:48] request.ERROR: Symfony\Component\HttpKernel\Exception\NotFoundHttpException: No route found for "GET /js/contacts.js" (uncaught exception) at /var/www/html/symfony/Symfony/app/cache/prod/classes.php line 4584 [] []
[2012-06-02 12:26:01] request.ERROR: Symfony\Component\HttpKernel\Exception\NotFoundHttpException: No route found for "GET /contrib/backbone/backbone-min.js" (uncaught exception) at /var/www/html/symfony/Symfony/app/cache/prod/classes.php line 4584 [] []
[2012-06-02 12:26:01] request.ERROR: Symfony\Component\HttpKernel\Exception\NotFoundHttpException: No route found for "GET /contrib/backbone/underscore-min.js" (uncaught exception) at /var/www/html/symfony/Symfony/app/cache/prod/classes.php line 4584 [] []
[2012-06-02 12:26:01] request.ERROR: Symfony\Component\HttpKernel\Exception\NotFoundHttpException: No route found for "GET /js/passwords.js" (uncaught exception) at /var/www/html/symfony/Symfony/app/cache/prod/classes.php line 4584 [] []
[2012-06-02 12:26:01] request.ERROR: Symfony\Component\HttpKernel\Exception\NotFoundHttpException: No route found for "GET /js/contacts.js" (uncaught exception) at /var/www/html/symfony/Symfony/app/cache/prod/classes.php line 4584 [] []
[2012-06-02 12:26:01] request.ERROR: Symfony\Component\HttpKernel\Exception\NotFoundHttpException: No route found for "GET /contrib/backbone/ICanHaz.min.js" (uncaught exception) at /var/www/html/symfony/Symfony/app/cache/prod/classes.php line 4584 [] []
[2012-06-02 12:26:01] request.ERROR: Symfony\Component\HttpKernel\Exception\NotFoundHttpException: No route found for "GET /contrib/backbone/json2.js" (uncaught exception) at /var/www/html/symfony/Symfony/app/cache/prod/classes.php line 4584 [] []
[2012-06-02 12:26:01] request.ERROR: Symfony\Component\HttpKernel\Exception\NotFoundHttpException: No route found for "GET /bootstrap/js/bootstrap.min.js" (uncaught exception) at /var/www/html/symfony/Symfony/app/cache/prod/classes.php line 4584 [] []
[2012-06-02 12:26:01] request.ERROR: Symfony\Component\HttpKernel\Exception\NotFoundHttpException: No route found for "GET /contrib/backbone/ICanHaz.min.js" (uncaught exception) at /var/www/html/symfony/Symfony/app/cache/prod/classes.php line 4584 [] []
[2012-06-02 12:26:01] request.ERROR: Symfony\Component\HttpKernel\Exception\NotFoundHttpException: No route found for "GET /contrib/backbone/json2.js" (uncaught exception) at /var/www/html/symfony/Symfony/app/cache/prod/classes.php line 4584 [] []
[2012-06-02 12:26:01] request.ERROR: Symfony\Component\HttpKernel\Exception\NotFoundHttpException: No route found for "GET /contrib/backbone/underscore-min.js" (uncaught exception) at /var/www/html/symfony/Symfony/app/cache/prod/classes.php line 4584 [] []
[2012-06-02 12:26:01] request.ERROR: Symfony\Component\HttpKernel\Exception\NotFoundHttpException: No route found for "GET /contrib/backbone/backbone-min.js" (uncaught exception) at /var/www/html/symfony/Symfony/app/cache/prod/classes.php line 4584 [] []
[2012-06-02 12:26:01] request.ERROR: Symfony\Component\HttpKernel\Exception\NotFoundHttpException: No route found for "GET /js/passwords.js" (uncaught exception) at /var/www/html/symfony/Symfony/app/cache/prod/classes.php line 4584 [] []
[2012-06-02 12:26:01] request.ERROR: Symfony\Component\HttpKernel\Exception\NotFoundHttpException: No route found for "GET /js/contacts.js" (uncaught exception) at /var/www/html/symfony/Symfony/app/cache/prod/classes.php line 4584 [] []
[2012-06-02 12:26:01] request.ERROR: Symfony\Component\HttpKernel\Exception\NotFoundHttpException: No route found for "GET /bootstrap/js/bootstrap.min.js" (uncaught exception) at /var/www/html/symfony/Symfony/app/cache/prod/classes.php line 4584 [] []
[2012-06-02 12:26:01] request.ERROR: Symfony\Component\HttpKernel\Exception\NotFoundHttpException: No route found for "GET /contrib/backbone/ICanHaz.min.js" (uncaught exception) at /var/www/html/symfony/Symfony/app/cache/prod/classes.php line 4584 [] []
[2012-06-02 12:26:01] request.ERROR: Symfony\Component\HttpKernel\Exception\NotFoundHttpException: No route found for "GET /contrib/backbone/json2.js" (uncaught exception) at /var/www/html/symfony/Symfony/app/cache/prod/classes.php line 4584 [] []
[2012-06-02 12:26:01] request.ERROR: Symfony\Component\HttpKernel\Exception\NotFoundHttpException: No route found for "GET /contrib/backbone/underscore-min.js" (uncaught exception) at /var/www/html/symfony/Symfony/app/cache/prod/classes.php line 4584 [] []
[2012-06-02 12:26:01] request.ERROR: Symfony\Component\HttpKernel\Exception\NotFoundHttpException: No route found for "GET /contrib/backbone/backbone-min.js" (uncaught exception) at /var/www/html/symfony/Symfony/app/cache/prod/classes.php line 4584 [] []
[2012-06-02 12:26:02] request.ERROR: Symfony\Component\HttpKernel\Exception\NotFoundHttpException: No route found for "GET /js/passwords.js" (uncaught exception) at /var/www/html/symfony/Symfony/app/cache/prod/classes.php line 4584 [] []
[2012-06-02 12:26:02] request.ERROR: Symfony\Component\HttpKernel\Exception\NotFoundHttpException: No route found for "GET /js/contacts.js" (uncaught exception) at /var/www/html/symfony/Symfony/app/cache/prod/classes.php line 4584 [] []
[2012-06-02 12:26:32] request.ERROR: Symfony\Component\HttpKernel\Exception\NotFoundHttpException: No route found for "GET /api/1.0/passwordcontacts/" (uncaught exception) at /var/www/html/symfony/Symfony/app/cache/prod/classes.php line 4584 [] []
[2012-06-02 12:26:32] request.ERROR: Symfony\Component\HttpKernel\Exception\NotFoundHttpException: No route found for "GET /api/1.0/passwords/" (uncaught exception) at /var/www/html/symfony/Symfony/app/cache/prod/classes.php line 4584 [] []
[2012-06-02 12:26:32] request.ERROR: Symfony\Component\HttpKernel\Exception\NotFoundHttpException: No route found for "GET /api/1.0/passwordcontacts/" (uncaught exception) at /var/www/html/symfony/Symfony/app/cache/prod/classes.php line 4584 [] []
[2012-06-02 12:26:32] request.ERROR: Symfony\Component\HttpKernel\Exception\NotFoundHttpException: No route found for "GET /api/1.0/passwords/" (uncaught exception) at /var/www/html/symfony/Symfony/app/cache/prod/classes.php line 4584 [] []
